\BOOKMARK [0][-]{user-title-page.0}{Title Page}{}% 1
\BOOKMARK [0][-]{user-abstract.0}{Abstract}{}% 2
\BOOKMARK [0][-]{chapter*.2}{Contents}{}% 3
\BOOKMARK [0][-]{chapter*.3}{List of Tables}{}% 4
\BOOKMARK [0][-]{chapter*.4}{List of Figures}{}% 5
\BOOKMARK [0][-]{chapter.1}{1 Background}{}% 6
\BOOKMARK [1][-]{section.1.1}{1.1 Properties that all graphs have and also definitions}{chapter.1}% 7
\BOOKMARK [1][-]{section.1.2}{1.2 Fancier properties and special graphs}{chapter.1}% 8
\BOOKMARK [1][-]{section.1.3}{1.3 Basic algorithms and methods}{chapter.1}% 9
\BOOKMARK [1][-]{section.1.4}{1.4 Other math background and definitions}{chapter.1}% 10
\BOOKMARK [0][-]{chapter.2}{2 Introduction}{}% 11
\BOOKMARK [1][-]{section.2.1}{2.1 This is why we care and the types of problems they're useful for}{chapter.2}% 12
\BOOKMARK [1][-]{section.2.2}{2.2 Dataset Creation}{chapter.2}% 13
\BOOKMARK [1][-]{section.2.3}{2.3 Dataset Analysis}{chapter.2}% 14
\BOOKMARK [1][-]{section.2.4}{2.4 Structure of Paper}{chapter.2}% 15
\BOOKMARK [0][-]{chapter.3}{3 CS}{}% 16
\BOOKMARK [0][-]{chapter.4}{4 Bio}{}% 17
\BOOKMARK [0][-]{chapter.5}{5 Fringe}{}% 18
\BOOKMARK [0][-]{appendix*.5}{Bibliography}{}% 19
\BOOKMARK [0][-]{user-index.0}{Index}{}% 20
\BOOKMARK [0][-]{appendix*.5}{Index}{}% 21
